A-IM
Accept
Accept-Charset
Accept-Datetime
Accept-Encoding
Accept-Language
Access-Control-Request-Method
Access-Control-Request-Headers
Authorization
Cache-Control
Connection
Content-Encoding
Content-Length
Content-MD5
Content-Type
Cookie
Date
DNT
Expect
Forwarded
From
Front-End-Https
Host
HTTP2-Settings
If-Match
If-Modified-Since
If-None-Match
If-Range
If-Unmodified-Since
Max-Forwards
Origin
Pragma
Proxy-Authorization
Proxy-Connection
Range
Referer
Save-Data
TE
Trailer
Transfer-Encoding
User-Agent
Upgrade
Upgrade-Insecure-Requests
Via
Warning
X-Correlation-ID
X-Csrf-Token
X-CSRFToken
X-Forwarded-For
X-Forwarded-Host
X-Forwarded-Proto
X-Http-Method-Override
X-Request-ID
X-Requested-With
X-Wap-Profile
X-XSRF-TOKEN